2018-05-05 12:47:55
----------------------------------------------------------
C:\projects\php\framework\application\examples\04.error_handling.php
line: 58
Undefined variable: b
----------------------------------------------------------


2018-05-05 12:47:55
----------------------------------------------------------
C:\projects\php\framework\application\examples\04.error_handling.php
line: 67
Undefined variable: d

Call stack:

MyApplication\test_function() [examples/04.error_handling.php, 74]  MyApplication\test_function(100, test, Closure)
  MyApplication\do_action() [examples/04.error_handling.php, 85]  MyApplication\do_action(save, [0=red, 1=green, 2=blue], [p1=John, p2=2000], MyApplication\SomeClass)
----------------------------------------------------------


2018-05-05 12:48:26
----------------------------------------------------------
C:\projects\php\framework\application\examples\08.messages.php
line: 63
Undefined variable: b
----------------------------------------------------------


2018-05-05 12:48:37
----------------------------------------------------------
C:\projects\php\framework\application\classes\SmartFactory\DatabaseWorkers\MSSQL_DBWorker.php
line: 98
Illegal string offset '[Microsoft][ODBC Driver 13 for SQL Server][SQL Server]Database 'framework_demo' does not exist. Make sure that the name is entered correctly.'

Call stack:

sys_get_errors() [classes/SmartFactory/DatabaseWorkers/MSSQL_DBWorker.php, 455]
  execute_query() [classes/SmartFactory/DatabaseWorkers/MSSQL_DBWorker.php, 362]  execute_query(USE framework_demo)
    use_database() [classes/SmartFactory/DatabaseWorkers/MSSQL_DBWorker.php, 319]  use_database(framework_demo)
      connect() [includes/SmartFactory/factory_inc.php, 185]
        dbworker() [examples/09.mssql_connect.php, 25]  dbworker([db_type=MSSQL, db_server=localhost, db_name=framework_demo, db_user=sa, db_password=Tr75mfr75, autoconnect=1])
          MyApplication\connect_mssql() [examples/09.mssql_connect.php, 238]
----------------------------------------------------------


2018-05-05 12:48:37
----------------------------------------------------------
C:\projects\php\framework\application\classes\SmartFactory\DatabaseWorkers\MSSQL_DBWorker.php
line: 101
implode(): Invalid arguments passed

Call stack:

implode() [classes/SmartFactory/DatabaseWorkers/MSSQL_DBWorker.php, 101]  implode(
, [)
  sys_get_errors() [classes/SmartFactory/DatabaseWorkers/MSSQL_DBWorker.php, 455]
    execute_query() [classes/SmartFactory/DatabaseWorkers/MSSQL_DBWorker.php, 362]  execute_query(USE framework_demo)
      use_database() [classes/SmartFactory/DatabaseWorkers/MSSQL_DBWorker.php, 319]  use_database(framework_demo)
        connect() [includes/SmartFactory/factory_inc.php, 185]
          dbworker() [examples/09.mssql_connect.php, 25]  dbworker([db_type=MSSQL, db_server=localhost, db_name=framework_demo, db_user=sa, db_password=Tr75mfr75, autoconnect=1])
            MyApplication\connect_mssql() [examples/09.mssql_connect.php, 238]
----------------------------------------------------------


2018-05-05 12:48:37
----------------------------------------------------------
C:\projects\php\framework\application\classes\SmartFactory\DatabaseWorkers\MSSQL_DBWorker.php
line: 458


USE framework_demo

Call stack:

execute_query() [classes/SmartFactory/DatabaseWorkers/MSSQL_DBWorker.php, 362]  execute_query(USE framework_demo)
  use_database() [classes/SmartFactory/DatabaseWorkers/MSSQL_DBWorker.php, 319]  use_database(framework_demo)
    connect() [includes/SmartFactory/factory_inc.php, 185]
      dbworker() [examples/09.mssql_connect.php, 25]  dbworker([db_type=MSSQL, db_server=localhost, db_name=framework_demo, db_user=sa, db_password=Tr75mfr75, autoconnect=1])
        MyApplication\connect_mssql() [examples/09.mssql_connect.php, 238]
----------------------------------------------------------


2018-05-05 12:48:37
----------------------------------------------------------
C:\projects\php\framework\application\classes\SmartFactory\DatabaseWorkers\MSSQL_DBWorker.php
line: 98
Illegal string offset '[Microsoft][ODBC Driver 13 for SQL Server][SQL Server]Database 'framework_demo' does not exist. Make sure that the name is entered correctly.'

Call stack:

sys_get_errors() [classes/SmartFactory/DatabaseWorkers/MSSQL_DBWorker.php, 364]
  use_database() [classes/SmartFactory/DatabaseWorkers/MSSQL_DBWorker.php, 319]  use_database(framework_demo)
    connect() [includes/SmartFactory/factory_inc.php, 185]
      dbworker() [examples/09.mssql_connect.php, 25]  dbworker([db_type=MSSQL, db_server=localhost, db_name=framework_demo, db_user=sa, db_password=Tr75mfr75, autoconnect=1])
        MyApplication\connect_mssql() [examples/09.mssql_connect.php, 238]
----------------------------------------------------------


2018-05-05 12:48:37
----------------------------------------------------------
C:\projects\php\framework\application\classes\SmartFactory\DatabaseWorkers\MSSQL_DBWorker.php
line: 101
implode(): Invalid arguments passed

Call stack:

implode() [classes/SmartFactory/DatabaseWorkers/MSSQL_DBWorker.php, 101]  implode(
, [)
  sys_get_errors() [classes/SmartFactory/DatabaseWorkers/MSSQL_DBWorker.php, 364]
    use_database() [classes/SmartFactory/DatabaseWorkers/MSSQL_DBWorker.php, 319]  use_database(framework_demo)
      connect() [includes/SmartFactory/factory_inc.php, 185]
        dbworker() [examples/09.mssql_connect.php, 25]  dbworker([db_type=MSSQL, db_server=localhost, db_name=framework_demo, db_user=sa, db_password=Tr75mfr75, autoconnect=1])
          MyApplication\connect_mssql() [examples/09.mssql_connect.php, 238]
----------------------------------------------------------


2018-05-05 12:49:22
----------------------------------------------------------
C:\projects\php\framework\application\classes\SmartFactory\LanguageManager.php
line: 370
No translation for the text 'wrox_pox' in the language [en]!

Call stack:

text() [examples/10.localization.php, 54]  text(wrox_pox)
----------------------------------------------------------


2018-05-05 12:49:22
----------------------------------------------------------
C:\projects\php\framework\application\classes\SmartFactory\LanguageManager.php
line: 432
No translation for the language name [wx] in the language [en]!

Call stack:

getLanguageName() [examples/10.localization.php, 65]  getLanguageName(wx)
----------------------------------------------------------


2018-05-05 12:49:22
----------------------------------------------------------
C:\projects\php\framework\application\classes\SmartFactory\LanguageManager.php
line: 563
No translation for the country name [WX] in the language [en]!

Call stack:

getCountryName() [examples/10.localization.php, 77]  getCountryName(WX)
----------------------------------------------------------


2018-05-05 12:50:15
----------------------------------------------------------
C:\projects\php\framework\application\classes\SmartFactory\DatabaseWorkers\MSSQL_DBWorker.php
line: 458
[Microsoft][ODBC Driver 13 for SQL Server][SQL Server]Database 'framework_demo' does not exist. Make sure that the name is entered correctly.

USE framework_demo

Call stack:

execute_query() [classes/SmartFactory/DatabaseWorkers/MSSQL_DBWorker.php, 362]  execute_query(USE framework_demo)
  use_database() [classes/SmartFactory/DatabaseWorkers/MSSQL_DBWorker.php, 319]  use_database(framework_demo)
    connect() [includes/SmartFactory/factory_inc.php, 185]
      dbworker() [examples/09.mssql_connect.php, 25]  dbworker([db_type=MSSQL, db_server=localhost, db_name=framework_demo, db_user=sa, db_password=Tr75mfr75, autoconnect=1])
        MyApplication\connect_mssql() [examples/09.mssql_connect.php, 238]
----------------------------------------------------------


